
> expoproj@1.0.0 build-storybook
> storybook build --output-dir=/var/folders/3y/fd1qg3g52gj2fnz6fm_j9r0h0000gr/T/chromatic--3767-Jn5F6GPqZR7r

[1m@storybook/core v8.4.7
[22m
info => Cleaning outputDir: [36m../../../../../../var/folders/3y/fd1qg3g52gj2fnz6fm_j9r0h0000gr/T/chromatic--3767-Jn5F6GPqZR7r[39m
info => Loading presets
info => Building manager..
info => Manager built ([38;2;181;126;229m263 ms[39m)
info => Building preview..
info => Using implicit CSS loaders
info => Using SWC as compiler
info => Using default Webpack5 setup
info => Copying static files: [36mpublic[39m at [36m../../../../../../var/folders/3y/fd1qg3g52gj2fnz6fm_j9r0h0000gr/T/chromatic--3767-Jn5F6GPqZR7r[39m
WARN asset size limit: The following asset(s) exceed the recommended size limit (244 KiB).
WARN This can impact web performance.
WARN Assets: 
WARN   684.d670520d.iframe.bundle.js (993 KiB)
WARN entrypoint size limit: The following entrypoint(s) combined asset size exceeds the recommended limit (244 KiB). This can impact web performance.
WARN Entrypoints:
WARN   main (1.06 MiB)
WARN       runtime~main.2ca5a9f3.iframe.bundle.js
WARN       684.d670520d.iframe.bundle.js
WARN       main.90129453.iframe.bundle.js
WARN 
info => Preview built ([38;2;181;126;229m12 s[39m)
info => Output directory: /var/folders/3y/fd1qg3g52gj2fnz6fm_j9r0h0000gr/T/chromatic--3767-Jn5F6GPqZR7r
